*** Starting uWSGI 2.0.18 (64bit) on [Sat Feb 15 15:45:17 2020] ***
compiled with version: 4.7.4 on 15 February 2020 06:58:19
os: Linux-4.15.0-76-generic #86~16.04.1-Ubuntu SMP Mon Jan 20 11:02:50 UTC 2020
nodename: xusong
machine: x86_64
clock source: unix
pcre jit disabled
detected number of CPU cores: 4
current working directory: /home/xusong/Desktop/project/cooperation
writing pidfile to uwsgi.pid
detected binary path: /home/xusong/anaconda3/envs/py3/bin/uwsgi
chdir() to /home/xusong/Desktop/project/cooperation
your processes number limit is 31576
your memory page size is 4096 bytes
detected max file descriptor number: 1024
lock engine: pthread robust mutexes
thunder lock: disabled (you can enable it with --thunder-lock)
uWSGI http bound on 127.0.0.1:8080 fd 4
uwsgi socket 0 bound to TCP address 127.0.0.1:40987 (port auto-assigned) fd 3
Python version: 3.7.1 (default, Dec 14 2018, 19:28:38)  [GCC 7.3.0]
Python main interpreter initialized at 0xbce5c0
python threads support enabled
your server socket listen backlog is limited to 100 connections
your mercy for graceful operations on workers is 60 seconds
mapped 416720 bytes (406 KB) for 8 cores
*** Operational MODE: preforking+threaded ***
WSGI app 0 (mountpoint='') ready in 2 seconds on interpreter 0xbce5c0 pid: 16615 (default app)
*** uWSGI is running in multiple interpreter mode ***
spawned uWSGI master process (pid: 16615)
spawned uWSGI worker 1 (pid: 16616, cores: 2)
spawned uWSGI worker 2 (pid: 16617, cores: 2)
spawned uWSGI worker 3 (pid: 16619, cores: 2)
spawned uWSGI worker 4 (pid: 16620, cores: 2)
spawned uWSGI http 1 (pid: 16623)
